
D:\striker\src>call batch\m.bat
ccpsx -c -W -g  -comments-c++ -DVER=0 -DNTSC=NO utils.c -o object\\utils.obj
ccpsx -c -W -g  -comments-c++ -DVER=0 -DNTSC=NO general.c -o object\\general.obj
GENERAL.C: In function `init_memory_alloc':
GENERAL.C:390: warning: assignment makes pointer from integer without a cast
ccpsx -c -W -g  -comments-c++ -DVER=0 -DNTSC=NO main.c -o object\\main.obj
asmpsx /p datafile.s,datafile.dat

SDevTC version 2.53


Assembly completed.
0 error(s) from 304 lines in 0.14 seconds
doslink

D:\striker\src>del statcov.txt

D:\striker\src>slink -psx -st -c -nostripfile object\unpropak.obj -nostripfile @main.lnk -code(main.cpe -syms(main.sym -map(main.map

Slink version Beta 3.01

Error: object\general.obj : Symbol 'init_heaps' not defined

Failed in 1.15 seconds

D:\striker\src>

        1 file(s) copied

D:\striker\src>

D:\striker\src>call batch\gg.bat

D:\striker\src>
D:\striker\src>
D:\striker\src>

D:\striker\src>
D:\striker\src>rem resetps 1 >c:\batch\poo

D:\striker\src>rem call gopatch

D:\striker\src>rem call wmake /h /z

D:\striker\src>rem delay 4

D:\striker\src>rem run /w8 object\main.cpe >c:\batch\poo

D:\striker\src>

